TN:
SF:src/seedOrders.ts
FN:5,main
FN:72,(anonymous_1)
FN:76,(anonymous_2)
FNF:3
FNH:0
FNDA:0,main
FNDA:0,(anonymous_1)
FNDA:0,(anonymous_2)
DA:1,0
DA:3,0
DA:6,0
DA:7,0
DA:9,0
DA:10,0
DA:11,0
DA:15,0
DA:20,0
DA:21,0
DA:22,0
DA:25,0
DA:27,0
DA:30,0
DA:49,0
DA:67,0
DA:68,0
DA:71,0
DA:73,0
DA:74,0
DA:77,0
LF:21
LH:0
BRDA:9,0,0,0
BRDA:20,1,0,0
BRDA:20,2,0,0
BRDA:20,2,1,0
BRDA:36,3,0,0
BRDA:36,3,1,0
BRDA:55,4,0,0
BRDA:55,4,1,0
BRF:8
BRH:0
end_of_record
TN:
SF:src/test_order.ts
FN:3,test
FNF:1
FNH:0
FNDA:0,test
DA:1,0
DA:4,0
DA:6,0
DA:8,0
DA:9,0
DA:16,0
DA:17,0
DA:20,0
DA:21,0
DA:22,0
DA:24,0
DA:25,0
DA:29,0
DA:32,0
LF:14
LH:0
BRDA:24,0,0,0
BRDA:29,1,0,0
BRDA:29,1,1,0
BRF:3
BRH:0
end_of_record
TN:
SF:src/test_vendor.ts
FN:3,test
FNF:1
FNH:0
FNDA:0,test
DA:1,0
DA:4,0
DA:6,0
DA:7,0
DA:8,0
DA:16,0
DA:17,0
DA:19,0
DA:22,0
DA:23,0
DA:26,0
DA:27,0
DA:30,0
DA:31,0
DA:32,0
DA:34,0
DA:38,0
LF:17
LH:0
BRDA:30,0,0,0
BRDA:30,0,1,0
BRF:2
BRH:0
end_of_record
TN:
SF:src/config/cors.ts
FNF:0
FNH:0
DA:2,10
DA:4,10
LF:2
LH:2
BRF:0
BRH:0
end_of_record
TN:
SF:src/config/db.ts
FNF:0
FNH:0
DA:1,10
DA:2,10
DA:3,10
LF:3
LH:3
BRF:0
BRH:0
end_of_record
TN:
SF:src/config/env.ts
FNF:0
FNH:0
DA:1,10
DA:2,10
DA:3,10
DA:5,10
DA:23,10
LF:5
LH:5
BRF:0
BRH:0
end_of_record
TN:
SF:src/controllers/adminController.ts
FN:7,(anonymous_1)
FN:35,(anonymous_2)
FN:66,(anonymous_3)
FN:84,(anonymous_4)
FN:112,(anonymous_5)
FN:128,(anonymous_6)
FN:164,(anonymous_7)
FN:181,(anonymous_8)
FN:200,(anonymous_9)
FN:218,(anonymous_10)
FN:237,(anonymous_11)
FN:255,(anonymous_12)
FN:259,(anonymous_13)
FN:264,(anonymous_14)
FN:279,(anonymous_15)
FN:294,(anonymous_16)
FN:309,(anonymous_17)
FN:319,(anonymous_18)
FNF:18
FNH:0
FNDA:0,(anonymous_1)
FNDA:0,(anonymous_2)
FNDA:0,(anonymous_3)
FNDA:0,(anonymous_4)
FNDA:0,(anonymous_5)
FNDA:0,(anonymous_6)
FNDA:0,(anonymous_7)
FNDA:0,(anonymous_8)
FNDA:0,(anonymous_9)
FNDA:0,(anonymous_10)
FNDA:0,(anonymous_11)
FNDA:0,(anonymous_12)
FNDA:0,(anonymous_13)
FNDA:0,(anonymous_14)
FNDA:0,(anonymous_15)
FNDA:0,(anonymous_16)
FNDA:0,(anonymous_17)
FNDA:0,(anonymous_18)
DA:2,10
DA:3,10
DA:4,10
DA:5,10
DA:7,10
DA:8,0
DA:9,0
DA:11,0
DA:16,0
DA:17,0
DA:18,0
DA:19,0
DA:21,0
DA:32,0
DA:35,10
DA:36,0
DA:37,0
DA:38,0
DA:39,0
DA:41,0
DA:51,0
DA:62,0
DA:63,0
DA:66,10
DA:67,0
DA:68,0
DA:69,0
DA:70,0
DA:71,0
DA:73,0
DA:74,0
DA:80,0
DA:81,0
DA:84,10
DA:85,0
DA:86,0
DA:87,0
DA:88,0
DA:90,0
DA:97,0
DA:108,0
DA:109,0
DA:112,10
DA:113,0
DA:114,0
DA:115,0
DA:116,0
DA:118,0
DA:119,0
DA:124,0
DA:125,0
DA:128,10
DA:129,0
DA:130,0
DA:131,0
DA:132,0
DA:134,0
DA:144,0
DA:160,0
DA:161,0
DA:164,10
DA:165,0
DA:166,0
DA:167,0
DA:168,0
DA:170,0
DA:171,0
DA:177,0
DA:178,0
DA:181,10
DA:182,0
DA:183,0
DA:184,0
DA:186,0
DA:196,0
DA:197,0
DA:200,10
DA:201,0
DA:202,0
DA:203,0
DA:205,0
DA:206,0
DA:209,0
DA:214,0
DA:215,0
DA:218,10
DA:219,0
DA:220,0
DA:221,0
DA:223,0
DA:233,0
DA:234,0
DA:237,10
DA:238,0
DA:239,0
DA:240,0
DA:242,0
DA:243,0
DA:246,0
DA:251,0
DA:252,0
DA:255,10
DA:256,0
DA:259,10
DA:260,0
DA:264,10
DA:265,0
DA:266,0
DA:270,0
DA:271,0
DA:273,0
DA:274,0
DA:275,0
DA:276,0
DA:279,10
DA:280,0
DA:281,0
DA:285,0
DA:286,0
DA:288,0
DA:289,0
DA:290,0
DA:291,0
DA:294,10
DA:295,0
DA:296,0
DA:300,0
DA:301,0
DA:303,0
DA:304,0
DA:305,0
DA:306,0
DA:309,10
DA:310,0
DA:311,0
DA:319,0
DA:330,0
DA:331,0
DA:333,0
DA:334,0
DA:335,0
DA:336,0
LF:142
LH:21
BRDA:25,0,0,0
BRDA:25,0,1,0
BRDA:37,1,0,0
BRDA:37,1,1,0
BRDA:38,2,0,0
BRDA:38,2,1,0
BRDA:39,3,0,0
BRDA:39,3,1,0
BRDA:43,4,0,0
BRDA:43,4,1,0
BRDA:70,5,0,0
BRDA:71,6,0,0
BRDA:73,7,0,0
BRDA:73,7,1,0
BRDA:86,8,0,0
BRDA:86,8,1,0
BRDA:87,9,0,0
BRDA:87,9,1,0
BRDA:88,10,0,0
BRDA:88,10,1,0
BRDA:90,11,0,0
BRDA:90,11,1,0
BRDA:116,12,0,0
BRDA:118,13,0,0
BRDA:118,13,1,0
BRDA:130,14,0,0
BRDA:130,14,1,0
BRDA:131,15,0,0
BRDA:131,15,1,0
BRDA:132,16,0,0
BRDA:132,16,1,0
BRDA:136,17,0,0
BRDA:136,17,1,0
BRDA:168,18,0,0
BRDA:170,19,0,0
BRDA:170,19,1,0
BRDA:183,20,0,0
BRDA:183,20,1,0
BRDA:184,21,0,0
BRDA:184,21,1,0
BRDA:205,22,0,0
BRDA:220,23,0,0
BRDA:220,23,1,0
BRDA:221,24,0,0
BRDA:221,24,1,0
BRDA:242,25,0,0
BRDA:323,26,0,0
BRDA:323,26,1,0
BRDA:325,27,0,0
BRDA:325,27,1,0
BRDA:326,28,0,0
BRDA:326,28,1,0
BRF:52
BRH:0
end_of_record
TN:
SF:src/controllers/authController.ts
FN:9,(anonymous_1)
FN:69,(anonymous_2)
FN:105,(anonymous_3)
FN:145,(anonymous_4)
FN:179,(anonymous_5)
FN:204,(anonymous_6)
FN:221,(anonymous_7)
FN:266,(anonymous_8)
FN:297,(anonymous_9)
FNF:9
FNH:3
FNDA:1,(anonymous_1)
FNDA:1,(anonymous_2)
FNDA:1,(anonymous_3)
FNDA:0,(anonymous_4)
FNDA:0,(anonymous_5)
FNDA:0,(anonymous_6)
FNDA:0,(anonymous_7)
FNDA:0,(anonymous_8)
FNDA:0,(anonymous_9)
DA:2,10
DA:3,10
DA:4,10
DA:5,10
DA:6,10
DA:9,10
DA:10,1
DA:11,1
DA:13,1
DA:14,0
DA:15,0
DA:16,0
DA:20,1
DA:21,1
DA:22,0
DA:23,0
DA:24,0
DA:25,0
DA:28,1
DA:29,1
DA:31,1
DA:32,0
DA:33,0
DA:36,1
DA:37,1
DA:38,1
DA:41,1
DA:48,0
DA:57,0
DA:59,0
DA:65,1
DA:69,10
DA:70,1
DA:71,1
DA:73,1
DA:74,1
DA:75,1
DA:78,0
DA:79,0
DA:82,0
DA:83,0
DA:84,0
DA:85,0
DA:89,0
DA:90,0
DA:92,0
DA:93,0
DA:95,0
DA:101,0
DA:105,10
DA:106,1
DA:107,1
DA:108,1
DA:112,1
DA:115,0
DA:116,0
DA:119,0
DA:120,0
DA:122,0
DA:131,0
DA:133,0
DA:135,0
DA:141,0
DA:145,10
DA:146,0
DA:147,0
DA:149,0
DA:150,0
DA:152,0
DA:163,0
DA:165,0
DA:170,0
DA:175,0
DA:179,10
DA:180,0
DA:181,0
DA:183,0
DA:187,0
DA:189,0
DA:191,0
DA:196,0
DA:198,0
DA:200,0
DA:204,10
DA:205,0
DA:206,0
DA:208,0
DA:212,0
DA:214,0
DA:218,0
DA:221,0
DA:222,0
DA:234,0
DA:235,0
DA:240,0
DA:241,0
DA:246,0
DA:248,0
DA:251,0
DA:253,0
DA:254,0
DA:256,0
DA:262,0
DA:266,10
DA:267,0
DA:268,0
DA:270,0
DA:271,0
DA:272,0
DA:273,0
DA:274,0
DA:277,0
DA:278,0
DA:280,0
DA:289,0
DA:291,0
DA:293,0
DA:297,10
DA:298,0
DA:299,0
DA:304,0
LF:121
LH:35
BRDA:13,0,0,0
BRDA:15,1,0,0
BRDA:21,2,0,1
BRDA:21,2,1,0
BRDA:21,3,0,1
BRDA:21,3,1,1
BRDA:22,4,0,0
BRDA:22,4,1,0
BRDA:22,5,0,0
BRDA:22,5,1,0
BRDA:23,6,0,0
BRDA:23,6,1,0
BRDA:23,7,0,0
BRDA:23,7,1,0
BRDA:24,8,0,0
BRDA:24,9,0,0
BRDA:24,9,1,0
BRDA:29,10,0,0
BRDA:31,11,0,0
BRDA:33,12,0,0
BRDA:74,13,0,1
BRDA:74,14,0,1
BRDA:74,14,1,0
BRDA:78,15,0,0
BRDA:82,16,0,0
BRDA:82,17,0,0
BRDA:82,17,1,0
BRDA:84,18,0,0
BRDA:84,19,0,0
BRDA:84,19,1,0
BRDA:90,20,0,0
BRDA:112,21,0,1
BRDA:115,22,0,0
BRDA:133,23,0,0
BRDA:133,23,1,0
BRDA:150,24,0,0
BRDA:163,25,0,0
BRDA:187,26,0,0
BRDA:212,27,0,0
BRDA:218,28,0,0
BRDA:234,29,0,0
BRDA:240,30,0,0
BRDA:271,31,0,0
BRDA:273,32,0,0
BRDA:273,33,0,0
BRDA:273,33,1,0
BRF:46
BRH:6
end_of_record
TN:
SF:src/controllers/orderController.ts
FN:12,(anonymous_1)
FN:31,(anonymous_2)
FN:39,(anonymous_3)
FN:47,(anonymous_4)
FN:48,(anonymous_5)
FN:60,(anonymous_6)
FN:123,(anonymous_7)
FN:148,(anonymous_8)
FN:163,(anonymous_9)
FN:188,(anonymous_10)
FN:216,(anonymous_11)
FN:250,(anonymous_12)
FN:283,(anonymous_13)
FN:361,(anonymous_14)
FN:402,(anonymous_15)
FN:419,(anonymous_16)
FNF:16
FNH:9
FNDA:1,(anonymous_1)
FNDA:0,(anonymous_2)
FNDA:0,(anonymous_3)
FNDA:0,(anonymous_4)
FNDA:0,(anonymous_5)
FNDA:0,(anonymous_6)
FNDA:3,(anonymous_7)
FNDA:1,(anonymous_8)
FNDA:3,(anonymous_9)
FNDA:3,(anonymous_10)
FNDA:0,(anonymous_11)
FNDA:1,(anonymous_12)
FNDA:8,(anonymous_13)
FNDA:4,(anonymous_14)
FNDA:5,(anonymous_15)
FNDA:0,(anonymous_16)
DA:2,10
DA:3,10
DA:5,10
DA:6,10
DA:12,10
DA:20,1
DA:21,1
DA:23,1
DA:24,1
DA:25,0
DA:28,1
DA:29,0
DA:31,0
DA:32,0
DA:35,0
DA:36,0
DA:37,0
DA:39,0
DA:40,0
DA:41,0
DA:42,0
DA:46,0
DA:47,0
DA:48,0
DA:49,0
DA:50,0
DA:57,0
DA:58,0
DA:60,0
DA:62,0
DA:63,0
DA:68,0
DA:69,0
DA:72,0
DA:81,0
DA:98,0
DA:99,0
DA:107,0
DA:117,0
DA:120,0
DA:123,10
DA:124,3
DA:125,3
DA:128,3
DA:129,2
DA:133,1
DA:134,1
DA:135,0
DA:136,0
DA:140,1
DA:149,1
DA:152,0
DA:159,1
DA:163,10
DA:164,3
DA:165,3
DA:169,3
DA:172,1
DA:173,0
DA:177,1
DA:178,0
DA:179,0
DA:180,0
DA:184,1
DA:185,0
DA:188,10
DA:189,3
DA:190,3
DA:193,3
DA:194,3
DA:195,3
DA:198,0
DA:201,0
DA:204,0
DA:205,0
DA:206,0
DA:207,0
DA:212,0
DA:213,0
DA:216,0
DA:217,0
DA:223,0
DA:224,0
DA:228,0
DA:229,0
DA:239,0
DA:242,0
DA:243,0
DA:246,0
DA:247,0
DA:250,10
DA:251,1
DA:252,1
DA:255,1
DA:256,0
DA:260,1
DA:261,1
DA:264,1
DA:265,1
DA:266,0
DA:267,0
DA:272,0
DA:273,0
DA:275,0
DA:279,0
DA:280,1
DA:283,10
DA:284,8
DA:285,8
DA:286,8
DA:289,8
DA:290,0
DA:293,8
DA:294,0
DA:297,8
DA:300,8
DA:301,3
DA:304,5
DA:305,5
DA:306,5
DA:307,5
DA:308,5
DA:309,5
DA:311,5
DA:316,5
DA:317,1
DA:318,0
DA:319,0
DA:320,0
DA:321,0
DA:322,0
DA:323,0
DA:325,0
DA:337,5
DA:343,5
DA:344,0
DA:349,0
DA:350,0
DA:357,5
DA:358,0
DA:361,10
DA:362,4
DA:363,4
DA:364,4
DA:367,4
DA:368,0
DA:371,4
DA:372,0
DA:375,4
DA:378,4
DA:379,1
DA:381,3
DA:382,1
DA:385,2
DA:394,2
DA:395,0
DA:402,10
DA:403,5
DA:404,5
DA:405,5
DA:415,0
DA:419,10
DA:420,0
DA:421,0
DA:436,0
DA:437,0
LF:166
LH:81
BRDA:21,0,0,0
BRDA:24,1,0,0
BRDA:24,2,0,1
BRDA:24,2,1,0
BRDA:29,3,0,0
BRDA:36,4,0,0
BRDA:36,5,0,0
BRDA:36,5,1,0
BRDA:40,6,0,0
BRDA:41,7,0,0
BRDA:58,8,0,0
BRDA:58,8,1,0
BRDA:68,9,0,0
BRDA:68,10,0,0
BRDA:68,10,1,0
BRDA:69,11,0,0
BRDA:69,11,1,0
BRDA:98,12,0,0
BRDA:98,13,0,0
BRDA:98,13,1,0
BRDA:111,14,0,0
BRDA:111,14,1,0
BRDA:128,15,0,2
BRDA:128,16,0,3
BRDA:128,16,1,2
BRDA:134,17,0,0
BRDA:169,18,0,2
BRDA:172,19,0,0
BRDA:172,20,0,1
BRDA:172,20,1,1
BRDA:177,21,0,0
BRDA:179,22,0,0
BRDA:194,23,0,3
BRDA:194,24,0,3
BRDA:194,24,1,2
BRDA:201,25,0,0
BRDA:204,26,0,0
BRDA:206,27,0,0
BRDA:212,28,0,0
BRDA:223,29,0,0
BRDA:223,30,0,0
BRDA:223,30,1,0
BRDA:242,31,0,0
BRDA:255,32,0,0
BRDA:261,33,0,0
BRDA:264,34,0,1
BRDA:266,35,0,0
BRDA:273,36,0,0
BRDA:286,37,0,0
BRDA:289,38,0,0
BRDA:293,39,0,0
BRDA:300,40,0,3
BRDA:300,41,0,8
BRDA:300,41,1,6
BRDA:300,41,2,6
BRDA:305,42,0,0
BRDA:305,42,1,5
BRDA:306,43,0,0
BRDA:306,43,1,5
BRDA:307,44,0,5
BRDA:316,45,0,1
BRDA:316,46,0,5
BRDA:316,46,1,5
BRDA:319,47,0,0
BRDA:320,48,0,0
BRDA:320,48,1,0
BRDA:321,49,0,0
BRDA:321,49,1,0
BRDA:343,50,0,0
BRDA:349,51,0,0
BRDA:364,52,0,0
BRDA:367,53,0,0
BRDA:371,54,0,0
BRDA:378,55,0,1
BRDA:378,56,0,4
BRDA:378,56,1,3
BRDA:381,57,0,1
BRDA:381,58,0,3
BRDA:381,58,1,3
BRDA:409,59,0,0
BRDA:409,59,1,5
BRF:81
BRH:28
end_of_record
TN:
SF:src/controllers/paymentController.ts
FN:8,(anonymous_1)
FN:42,(anonymous_2)
FN:91,(anonymous_3)
FN:116,(anonymous_4)
FN:126,(anonymous_5)
FNF:5
FNH:1
FNDA:1,(anonymous_1)
FNDA:0,(anonymous_2)
FNDA:0,(anonymous_3)
FNDA:0,(anonymous_4)
FNDA:0,(anonymous_5)
DA:2,10
DA:3,10
DA:4,10
DA:6,10
DA:8,10
DA:9,1
DA:10,1
DA:13,1
DA:14,1
DA:15,0
DA:17,1
DA:18,0
DA:22,1
DA:23,1
DA:24,1
DA:26,0
DA:28,0
DA:30,0
DA:39,0
DA:42,10
DA:43,0
DA:44,0
DA:47,0
DA:48,0
DA:51,0
DA:52,0
DA:53,0
DA:54,0
DA:57,0
DA:68,0
DA:76,0
DA:77,0
DA:87,0
DA:88,0
DA:91,10
DA:92,0
DA:93,0
DA:95,0
DA:96,0
DA:97,0
DA:99,0
DA:104,0
DA:112,0
DA:113,0
DA:116,10
DA:117,0
DA:118,0
DA:122,0
DA:123,0
DA:126,10
DA:127,0
DA:128,0
DA:129,0
DA:134,0
DA:136,0
DA:137,0
DA:138,0
LF:57
LH:17
BRDA:14,0,0,0
BRDA:17,1,0,0
BRDA:23,2,0,1
BRDA:48,3,0,0
BRDA:52,4,0,0
BRDA:53,5,0,0
BRDA:76,6,0,0
BRDA:96,7,0,0
BRDA:97,8,0,0
BRDA:134,9,0,0
BRF:10
BRH:1
end_of_record
TN:
SF:src/controllers/riderController.ts
FN:7,calculateDeliveryEarnings
FN:11,(anonymous_2)
FN:28,(anonymous_3)
FN:40,(anonymous_4)
FN:58,(anonymous_5)
FN:67,(anonymous_6)
FN:85,(anonymous_7)
FN:113,(anonymous_8)
FN:124,(anonymous_9)
FN:128,(anonymous_10)
FN:170,(anonymous_11)
FN:183,(anonymous_12)
FN:192,(anonymous_13)
FN:202,(anonymous_14)
FN:220,(anonymous_15)
FN:246,(anonymous_16)
FN:256,(anonymous_17)
FN:266,(anonymous_18)
FN:284,(anonymous_19)
FNF:19
FNH:0
FNDA:0,calculateDeliveryEarnings
FNDA:0,(anonymous_2)
FNDA:0,(anonymous_3)
FNDA:0,(anonymous_4)
FNDA:0,(anonymous_5)
FNDA:0,(anonymous_6)
FNDA:0,(anonymous_7)
FNDA:0,(anonymous_8)
FNDA:0,(anonymous_9)
FNDA:0,(anonymous_10)
FNDA:0,(anonymous_11)
FNDA:0,(anonymous_12)
FNDA:0,(anonymous_13)
FNDA:0,(anonymous_14)
FNDA:0,(anonymous_15)
FNDA:0,(anonymous_16)
FNDA:0,(anonymous_17)
FNDA:0,(anonymous_18)
FNDA:0,(anonymous_19)
DA:2,10
DA:3,10
DA:8,0
DA:11,10
DA:12,0
DA:13,0
DA:19,0
DA:24,0
DA:25,0
DA:28,10
DA:29,0
DA:30,0
DA:31,0
DA:36,0
DA:37,0
DA:40,10
DA:41,0
DA:42,0
DA:48,0
DA:58,0
DA:63,0
DA:64,0
DA:67,10
DA:68,0
DA:71,0
DA:76,0
DA:77,0
DA:80,0
DA:81,0
DA:82,0
DA:85,10
DA:86,0
DA:88,0
DA:92,0
DA:93,0
DA:96,0
DA:97,0
DA:100,0
DA:101,0
DA:104,0
DA:109,0
DA:110,0
DA:113,10
DA:114,0
DA:115,0
DA:120,0
DA:121,0
DA:124,10
DA:125,0
DA:126,0
DA:128,0
DA:129,0
DA:132,0
DA:134,0
DA:136,0
DA:145,0
DA:146,0
DA:152,0
DA:158,0
DA:163,0
DA:166,0
DA:167,0
DA:170,10
DA:171,0
DA:174,0
DA:183,0
DA:188,0
DA:189,0
DA:192,10
DA:193,0
DA:194,0
DA:198,0
DA:199,0
DA:202,10
DA:203,0
DA:204,0
DA:206,0
DA:207,0
DA:208,0
DA:209,0
DA:211,0
DA:217,0
DA:218,0
DA:220,0
DA:221,0
DA:222,0
DA:223,0
DA:224,0
DA:233,0
DA:243,0
DA:246,10
DA:247,0
DA:248,0
DA:249,0
DA:252,0
DA:253,0
DA:256,10
DA:257,0
DA:258,0
DA:262,0
DA:263,0
DA:266,10
DA:267,0
DA:268,0
DA:283,0
DA:284,0
DA:287,0
DA:294,0
LF:108
LH:15
BRDA:76,0,0,0
BRDA:92,1,0,0
BRDA:96,2,0,0
BRDA:100,3,0,0
BRDA:132,4,0,0
BRDA:140,5,0,0
BRDA:140,5,1,0
BRDA:140,6,0,0
BRDA:140,6,1,0
BRDA:145,7,0,0
BRDA:208,8,0,0
BRDA:208,8,1,0
BRDA:222,9,0,0
BRDA:223,10,0,0
BRDA:226,11,0,0
BRDA:226,11,1,0
BRDA:236,12,0,0
BRDA:236,12,1,0
BRDA:239,13,0,0
BRDA:239,13,1,0
BRDA:283,14,0,0
BRDA:283,14,1,0
BRDA:284,15,0,0
BRDA:284,15,1,0
BRF:24
BRH:0
end_of_record
TN:
SF:src/controllers/userController.ts
FN:7,(anonymous_1)
FN:15,(anonymous_2)
FN:57,(anonymous_3)
FN:65,(anonymous_4)
FN:78,(anonymous_5)
FN:95,(anonymous_6)
FN:112,(anonymous_7)
FN:144,(anonymous_8)
FNF:8
FNH:1
FNDA:0,(anonymous_1)
FNDA:2,(anonymous_2)
FNDA:0,(anonymous_3)
FNDA:0,(anonymous_4)
FNDA:0,(anonymous_5)
FNDA:0,(anonymous_6)
FNDA:0,(anonymous_7)
FNDA:0,(anonymous_8)
DA:2,10
DA:3,10
DA:4,10
DA:7,10
DA:8,0
DA:9,0
DA:11,0
DA:15,10
DA:16,2
DA:17,2
DA:18,2
DA:21,2
DA:22,2
DA:23,2
DA:27,1
DA:28,1
DA:29,1
DA:30,0
DA:33,1
DA:34,1
DA:35,1
DA:39,1
DA:40,0
DA:43,1
DA:44,1
DA:46,1
DA:51,1
DA:53,0
DA:57,10
DA:58,0
DA:59,0
DA:61,0
DA:65,10
DA:66,0
DA:67,0
DA:69,0
DA:70,0
DA:71,0
DA:74,0
DA:75,0
DA:77,0
DA:78,0
DA:80,0
DA:81,0
DA:84,0
DA:89,0
DA:91,0
DA:95,10
DA:96,0
DA:97,0
DA:103,0
DA:108,0
DA:112,10
DA:113,0
DA:114,0
DA:115,0
DA:116,0
DA:117,0
DA:119,0
DA:121,0
DA:134,0
DA:140,0
DA:144,10
DA:145,0
DA:146,0
DA:150,0
DA:152,0
LF:67
LH:27
BRDA:21,0,0,2
BRDA:21,1,0,2
BRDA:21,1,1,2
BRDA:23,2,0,1
BRDA:27,3,0,1
BRDA:29,4,0,0
BRDA:33,5,0,1
BRDA:35,6,0,0
BRDA:39,7,0,0
BRDA:44,8,0,1
BRDA:70,9,0,0
BRDA:74,10,0,0
BRDA:74,10,1,0
BRDA:77,11,0,0
BRDA:77,11,1,0
BRDA:114,12,0,0
BRDA:114,12,1,0
BRDA:115,13,0,0
BRDA:115,13,1,0
BRDA:119,14,0,0
BRDA:119,14,1,0
BRF:21
BRH:7
end_of_record
TN:
SF:src/controllers/vendorController.ts
FN:6,(anonymous_1)
FN:16,(anonymous_2)
FN:26,(anonymous_3)
FN:37,(anonymous_4)
FN:45,(anonymous_5)
FN:56,(anonymous_6)
FN:64,(anonymous_7)
FN:114,(anonymous_8)
FN:154,(anonymous_9)
FN:165,(anonymous_10)
FN:188,(anonymous_11)
FN:214,(anonymous_12)
FN:225,(anonymous_13)
FN:248,(anonymous_14)
FN:259,(anonymous_15)
FN:270,(anonymous_16)
FN:294,(anonymous_17)
FNF:17
FNH:1
FNDA:1,(anonymous_1)
FNDA:0,(anonymous_2)
FNDA:0,(anonymous_3)
FNDA:0,(anonymous_4)
FNDA:0,(anonymous_5)
FNDA:0,(anonymous_6)
FNDA:0,(anonymous_7)
FNDA:0,(anonymous_8)
FNDA:0,(anonymous_9)
FNDA:0,(anonymous_10)
FNDA:0,(anonymous_11)
FNDA:0,(anonymous_12)
FNDA:0,(anonymous_13)
FNDA:0,(anonymous_14)
FNDA:0,(anonymous_15)
FNDA:0,(anonymous_16)
FNDA:0,(anonymous_17)
DA:2,10
DA:3,10
DA:6,10
DA:7,1
DA:8,1
DA:12,1
DA:13,0
DA:16,10
DA:17,0
DA:18,0
DA:22,0
DA:23,0
DA:26,10
DA:27,0
DA:28,0
DA:32,0
DA:33,0
DA:34,0
DA:37,10
DA:38,0
DA:39,0
DA:40,0
DA:41,0
DA:42,0
DA:45,10
DA:46,0
DA:47,0
DA:48,0
DA:52,0
DA:53,0
DA:56,10
DA:57,0
DA:58,0
DA:59,0
DA:60,0
DA:61,0
DA:64,10
DA:65,0
DA:66,0
DA:67,0
DA:68,0
DA:69,0
DA:70,0
DA:72,0
DA:73,0
DA:76,0
DA:77,0
DA:80,0
DA:81,0
DA:84,0
DA:87,0
DA:88,0
DA:89,0
DA:93,0
DA:100,0
DA:101,0
DA:104,0
DA:105,0
DA:107,0
DA:110,0
DA:111,0
DA:114,10
DA:115,0
DA:116,0
DA:117,0
DA:119,0
DA:121,0
DA:122,0
DA:123,0
DA:124,0
DA:125,0
DA:127,0
DA:129,0
DA:130,0
DA:133,0
DA:134,0
DA:137,0
DA:138,0
DA:139,0
DA:140,0
DA:141,0
DA:142,0
DA:143,0
DA:146,0
DA:150,0
DA:151,0
DA:154,10
DA:155,0
DA:156,0
DA:157,0
DA:161,0
DA:162,0
DA:165,10
DA:166,0
DA:167,0
DA:168,0
DA:184,0
DA:185,0
DA:188,10
DA:189,0
DA:190,0
DA:191,0
DA:204,0
DA:206,0
DA:210,0
DA:211,0
DA:214,10
DA:215,0
DA:216,0
DA:217,0
DA:221,0
DA:222,0
DA:225,10
DA:226,0
DA:227,0
DA:229,0
DA:230,0
DA:233,0
DA:245,0
DA:248,10
DA:249,0
DA:250,0
DA:251,0
DA:252,0
DA:255,0
DA:256,0
DA:259,10
DA:260,0
DA:261,0
DA:262,0
DA:266,0
DA:267,0
DA:270,10
DA:271,0
DA:272,0
DA:273,0
DA:275,0
DA:290,0
DA:291,0
DA:294,10
DA:295,0
DA:296,0
DA:297,0
DA:299,0
DA:300,0
DA:302,0
DA:309,0
DA:310,0
DA:313,0
DA:318,0
DA:319,0
LF:151
LH:22
BRDA:32,0,0,0
BRDA:40,1,0,0
BRDA:67,2,0,0
BRDA:67,2,1,0
BRDA:68,3,0,0
BRDA:69,4,0,0
BRDA:69,4,1,0
BRDA:72,5,0,0
BRDA:72,6,0,0
BRDA:72,6,1,0
BRDA:76,7,0,0
BRDA:80,8,0,0
BRDA:80,9,0,0
BRDA:80,9,1,0
BRDA:88,10,0,0
BRDA:100,11,0,0
BRDA:104,12,0,0
BRDA:104,12,1,0
BRDA:104,13,0,0
BRDA:104,13,1,0
BRDA:108,14,0,0
BRDA:108,14,1,0
BRDA:119,15,0,0
BRDA:122,16,0,0
BRDA:124,17,0,0
BRDA:127,18,0,0
BRDA:127,19,0,0
BRDA:127,19,1,0
BRDA:129,20,0,0
BRDA:129,21,0,0
BRDA:129,21,1,0
BRDA:133,22,0,0
BRDA:137,23,0,0
BRDA:137,23,1,0
BRDA:141,24,0,0
BRDA:204,25,0,0
BRDA:273,26,0,0
BRDA:300,27,0,0
BRDA:309,28,0,0
BRF:39
BRH:0
end_of_record
TN:
SF:src/middlewares/authMiddleware.ts
FN:12,(anonymous_1)
FN:41,(anonymous_2)
FN:42,(anonymous_3)
FNF:3
FNH:3
FNDA:1569,(anonymous_1)
FNDA:100,(anonymous_2)
FNDA:21,(anonymous_3)
DA:2,10
DA:3,10
DA:4,10
DA:5,10
DA:12,10
DA:13,1569
DA:15,1569
DA:16,40
DA:19,1569
DA:20,1529
DA:23,40
DA:25,40
DA:26,40
DA:27,0
DA:30,40
DA:31,0
DA:34,40
DA:35,40
DA:37,0
DA:41,10
DA:42,100
DA:43,21
DA:44,0
DA:46,21
DA:47,21
DA:48,21
DA:50,21
DA:51,2
DA:53,19
LF:29
LH:25
BRDA:15,0,0,40
BRDA:15,1,0,1569
BRDA:15,1,1,40
BRDA:19,2,0,1529
BRDA:26,3,0,0
BRDA:30,4,0,0
BRDA:43,5,0,0
BRDA:47,6,0,0
BRDA:48,7,0,0
BRDA:50,8,0,2
BRF:10
BRH:5
end_of_record
TN:
SF:src/middlewares/errorMiddleware.ts
FN:6,(anonymous_0)
FN:35,(anonymous_1)
FNF:2
FNH:1
FNDA:1550,(anonymous_0)
FNDA:0,(anonymous_1)
DA:2,10
DA:3,10
DA:4,10
DA:6,10
DA:7,1550
DA:8,1550
DA:10,1550
DA:11,1548
DA:18,2
DA:19,0
DA:20,0
DA:26,2
DA:27,0
DA:34,2
DA:35,0
DA:36,0
DA:44,2
DA:45,0
DA:47,2
DA:48,0
DA:52,2
DA:54,2
DA:55,2
LF:23
LH:16
BRDA:10,0,0,1548
BRDA:18,1,0,0
BRDA:19,2,0,0
BRDA:19,2,1,0
BRDA:26,3,0,0
BRDA:34,4,0,0
BRDA:44,5,0,0
BRDA:47,6,0,0
BRDA:54,7,0,2
BRDA:54,7,1,2
BRDA:57,8,0,0
BRDA:57,8,1,2
BRF:12
BRH:4
end_of_record
TN:
SF:src/middlewares/uploadMiddleware.ts
FN:6,(anonymous_1)
FN:9,(anonymous_2)
FN:15,(anonymous_3)
FNF:3
FNH:0
FNDA:0,(anonymous_1)
FNDA:0,(anonymous_2)
FNDA:0,(anonymous_3)
DA:1,10
DA:2,10
DA:3,10
DA:5,10
DA:7,0
DA:10,0
DA:11,0
DA:15,10
DA:16,0
DA:17,0
DA:19,0
DA:23,10
LF:12
LH:6
BRDA:16,0,0,0
BRDA:16,0,1,0
BRDA:16,1,0,0
BRDA:16,1,1,0
BRDA:16,1,2,0
BRF:5
BRH:0
end_of_record
TN:
SF:src/middlewares/validateRequest.ts
FN:4,(anonymous_0)
FN:5,(anonymous_1)
FN:23,(anonymous_2)
FN:24,(anonymous_3)
FNF:4
FNH:0
FNDA:0,(anonymous_0)
FNDA:0,(anonymous_1)
FNDA:0,(anonymous_2)
FNDA:0,(anonymous_3)
DA:2,0
DA:4,0
DA:5,0
DA:6,0
DA:7,0
DA:12,0
DA:14,0
DA:15,0
DA:17,0
DA:23,0
DA:24,0
DA:25,0
DA:26,0
DA:27,0
DA:29,0
LF:15
LH:0
BRDA:14,0,0,0
BRDA:14,0,1,0
BRF:2
BRH:0
end_of_record
TN:
SF:src/routes/adminRoutes.ts
FNF:0
FNH:0
DA:1,10
DA:2,10
DA:3,10
DA:5,10
DA:8,10
DA:9,10
DA:12,10
DA:15,10
DA:16,10
DA:18,10
DA:19,10
DA:21,10
DA:22,10
DA:25,10
DA:26,10
DA:28,10
DA:29,10
DA:32,10
DA:33,10
DA:34,10
DA:35,10
DA:37,10
LF:22
LH:22
BRF:0
BRH:0
end_of_record
TN:
SF:src/routes/authRoutes.ts
FNF:0
FNH:0
DA:1,10
DA:2,10
DA:3,10
DA:5,10
DA:7,10
DA:8,10
DA:9,10
DA:10,10
DA:11,10
DA:13,10
DA:14,10
DA:16,10
DA:22,10
LF:13
LH:13
BRF:0
BRH:0
end_of_record
TN:
SF:src/routes/orderRoutes.ts
FNF:0
FNH:0
DA:1,10
DA:2,10
DA:3,10
DA:5,10
DA:7,10
DA:9,10
DA:10,10
DA:11,10
DA:13,10
DA:14,10
DA:15,10
DA:16,10
DA:17,10
DA:19,10
LF:14
LH:14
BRF:0
BRH:0
end_of_record
TN:
SF:src/routes/paymentRoutes.ts
FNF:0
FNH:0
DA:1,10
DA:2,10
DA:3,10
DA:5,10
DA:7,10
DA:9,10
DA:10,10
DA:11,10
DA:12,10
DA:13,10
DA:15,10
LF:11
LH:11
BRF:0
BRH:0
end_of_record
TN:
SF:src/routes/riderRoutes.ts
FNF:0
FNH:0
DA:1,10
DA:2,10
DA:3,10
DA:5,10
DA:7,10
DA:8,10
DA:10,10
DA:11,10
DA:13,10
DA:14,10
DA:15,10
DA:16,10
DA:17,10
DA:18,10
DA:19,10
DA:21,10
DA:22,10
DA:23,10
DA:24,10
DA:26,10
LF:20
LH:20
BRF:0
BRH:0
end_of_record
TN:
SF:src/routes/userRoutes.ts
FNF:0
FNH:0
DA:1,10
DA:2,10
DA:3,10
DA:4,10
DA:6,10
DA:8,10
DA:11,10
DA:12,10
DA:15,10
DA:17,10
DA:18,10
DA:20,10
DA:21,10
DA:22,10
DA:24,10
LF:15
LH:15
BRF:0
BRH:0
end_of_record
TN:
SF:src/routes/vendorRoutes.ts
FNF:0
FNH:0
DA:1,10
DA:2,10
DA:3,10
DA:4,10
DA:6,10
DA:9,10
DA:10,10
DA:11,10
DA:14,10
DA:16,10
DA:17,10
DA:19,10
DA:20,10
DA:21,10
DA:22,10
DA:24,10
DA:25,10
DA:27,10
DA:28,10
DA:29,10
DA:30,10
DA:32,10
DA:33,10
DA:35,10
LF:24
LH:24
BRF:0
BRH:0
end_of_record
TN:
SF:src/services/authService.ts
FN:6,(anonymous_1)
FN:7,(anonymous_2)
FN:8,(anonymous_3)
FN:9,(anonymous_4)
FN:10,(anonymous_5)
FN:11,(anonymous_6)
FN:12,(anonymous_7)
FN:13,(anonymous_8)
FNF:8
FNH:2
FNDA:1,(anonymous_1)
FNDA:0,(anonymous_2)
FNDA:0,(anonymous_3)
FNDA:0,(anonymous_4)
FNDA:0,(anonymous_5)
FNDA:0,(anonymous_6)
FNDA:1,(anonymous_7)
FNDA:0,(anonymous_8)
DA:1,10
DA:2,10
DA:3,10
DA:5,10
DA:6,1
DA:7,0
DA:8,0
DA:9,0
DA:10,0
DA:11,0
DA:12,1
DA:13,0
LF:12
LH:6
BRF:0
BRH:0
end_of_record
TN:
SF:src/services/notificationService.ts
FN:15,(anonymous_1)
FN:28,(anonymous_2)
FN:48,(anonymous_3)
FN:61,(anonymous_4)
FN:74,(anonymous_5)
FNF:5
FNH:0
FNDA:0,(anonymous_1)
FNDA:0,(anonymous_2)
FNDA:0,(anonymous_3)
FNDA:0,(anonymous_4)
FNDA:0,(anonymous_5)
DA:1,10
DA:2,10
DA:3,10
DA:5,10
DA:14,10
DA:16,0
DA:17,0
DA:18,0
DA:25,0
DA:29,0
DA:30,0
DA:31,0
DA:45,0
DA:49,0
DA:50,0
DA:51,0
DA:58,0
DA:62,0
DA:63,0
DA:64,0
DA:71,0
DA:75,0
LF:22
LH:5
BRDA:6,0,0,10
BRDA:6,0,1,0
BRDA:7,1,0,10
BRDA:7,1,1,0
BRDA:16,2,0,0
BRDA:29,3,0,0
BRDA:49,4,0,0
BRDA:62,5,0,0
BRF:8
BRH:2
end_of_record
TN:
SF:src/services/orderService.ts
FN:5,(anonymous_1)
FN:14,(anonymous_2)
FN:15,(anonymous_3)
FN:16,(anonymous_4)
FN:18,(anonymous_5)
FN:22,(anonymous_6)
FN:26,(anonymous_7)
FN:46,(anonymous_8)
FNF:8
FNH:2
FNDA:0,(anonymous_1)
FNDA:0,(anonymous_2)
FNDA:0,(anonymous_3)
FNDA:1,(anonymous_4)
FNDA:1,(anonymous_5)
FNDA:0,(anonymous_6)
FNDA:0,(anonymous_7)
FNDA:0,(anonymous_8)
DA:1,10
DA:2,10
DA:4,10
DA:6,0
DA:7,0
DA:8,0
DA:9,0
DA:10,0
DA:12,0
DA:14,0
DA:15,0
DA:17,1
DA:18,1
DA:19,1
DA:20,1
DA:22,0
DA:23,0
DA:24,0
DA:27,0
DA:28,0
DA:29,0
DA:32,0
DA:36,0
DA:38,0
DA:39,0
DA:40,0
DA:44,0
DA:46,0
DA:48,0
DA:57,0
DA:66,0
DA:67,0
DA:77,0
DA:78,0
DA:88,0
DA:89,0
LF:36
LH:7
BRDA:9,0,0,0
BRDA:17,1,0,0
BRDA:20,2,0,1
BRDA:23,3,0,0
BRDA:29,4,0,0
BRDA:36,5,0,0
BRDA:39,6,0,0
BRDA:66,7,0,0
BRDA:77,8,0,0
BRF:9
BRH:1
end_of_record
TN:
SF:src/services/paymentService.ts
FN:14,(anonymous_1)
FN:23,(anonymous_2)
FN:32,(anonymous_3)
FNF:3
FNH:0
FNDA:0,(anonymous_1)
FNDA:0,(anonymous_2)
FNDA:0,(anonymous_3)
DA:1,10
DA:2,10
DA:3,10
DA:5,10
DA:6,10
DA:7,10
DA:13,10
DA:15,0
DA:16,0
DA:20,0
DA:21,0
DA:24,0
DA:25,0
DA:26,0
DA:30,0
DA:33,0
DA:34,0
DA:36,0
LF:18
LH:7
BRDA:6,0,0,10
BRDA:6,1,0,10
BRDA:6,1,1,10
BRDA:14,2,0,0
BRDA:15,3,0,0
BRDA:24,4,0,0
BRDA:42,5,0,0
BRDA:42,5,1,0
BRDA:48,6,0,0
BRDA:48,6,1,0
BRF:10
BRH:3
end_of_record
TN:
SF:src/services/queueService.ts
FN:18,(anonymous_0)
FN:27,(anonymous_1)
FN:28,(anonymous_2)
FN:50,(anonymous_3)
FN:94,(anonymous_4)
FN:108,(anonymous_5)
FN:110,(anonymous_6)
FN:120,(anonymous_7)
FNF:8
FNH:5
FNDA:11,(anonymous_0)
FNDA:121,(anonymous_1)
FNDA:121,(anonymous_2)
FNDA:121,(anonymous_3)
FNDA:8,(anonymous_4)
FNDA:0,(anonymous_5)
FNDA:0,(anonymous_6)
FNDA:0,(anonymous_7)
DA:1,11
DA:2,11
DA:19,11
DA:20,11
DA:21,11
DA:22,11
DA:28,121
DA:29,121
DA:36,121
DA:39,121
DA:40,121
DA:43,121
DA:52,121
DA:53,116
DA:56,5
DA:58,5
DA:59,5
DA:60,121
DA:62,121
DA:63,121
DA:66,121
DA:69,120
DA:70,120
DA:73,1
DA:74,1
DA:78,121
DA:81,5
DA:84,5
DA:85,0
DA:86,0
DA:96,8
DA:98,8
DA:109,0
DA:110,0
DA:111,0
DA:113,0
DA:114,0
DA:121,0
DA:126,11
LF:39
LH:31
BRDA:52,0,0,116
BRDA:84,1,0,0
BRF:2
BRH:1
end_of_record
TN:
SF:src/utils/AppError.ts
FN:5,(anonymous_0)
FNF:1
FNH:1
FNDA:1548,(anonymous_0)
DA:1,11
DA:6,1548
DA:7,1548
DA:8,1548
DA:9,1548
LF:5
LH:5
BRF:0
BRH:0
end_of_record
TN:
SF:src/utils/helpers.ts
FN:4,(anonymous_0)
FN:8,(anonymous_1)
FN:12,(anonymous_2)
FN:24,(anonymous_3)
FN:30,(anonymous_4)
FNF:5
FNH:1
FNDA:0,(anonymous_0)
FNDA:0,(anonymous_1)
FNDA:1,(anonymous_2)
FNDA:0,(anonymous_3)
FNDA:0,(anonymous_4)
DA:1,10
DA:4,10
DA:5,0
DA:8,10
DA:9,0
DA:12,10
DA:13,1
DA:16,1
DA:17,1
DA:18,1
DA:19,1
DA:21,1
DA:24,10
DA:25,0
DA:26,0
DA:27,0
DA:30,10
DA:31,0
LF:18
LH:12
BRDA:17,0,0,0
BRDA:17,0,1,1
BRDA:18,1,0,0
BRDA:18,1,1,1
BRDA:19,2,0,0
BRF:5
BRH:2
end_of_record
TN:
SF:src/utils/logger.ts
FN:3,(anonymous_1)
FNF:1
FNH:1
FNDA:2,(anonymous_1)
DA:1,10
DA:3,10
DA:4,2
DA:5,2
DA:6,2
DA:8,2
DA:11,10
DA:25,10
DA:26,10
LF:9
LH:9
BRDA:5,0,0,2
BRDA:12,1,0,0
BRDA:12,1,1,10
BRDA:25,2,0,10
BRF:4
BRH:3
end_of_record
